/home/jackson/spacegame/src/camera.cpp 0 0 0 19 0
/home/jackson/spacegame/src/debugRenders.cpp 0 0 0 68 0
/home/jackson/spacegame/src/engine.cpp 0 0 0 90 0
/home/jackson/spacegame/src/event.cpp 0 0 1 1 0
/home/jackson/spacegame/src/UI.cpp 53 0 3 65 0
/home/jackson/spacegame/src/classes.cpp 0 0 7 95 0
/home/jackson/spacegame/src/gluePhysicsObject.cpp 0 0 0 19 0
/home/jackson/spacegame/src/gluePhysicsObjectInit.cpp 0 0 0 21 0
/home/jackson/spacegame/src/gameRender.cpp 0 0 0 38 0
/home/jackson/spacegame/src/font.cpp 0 0 0 71 0
/home/jackson/spacegame/src/json.cpp 2 0 0 71 0
/home/jackson/spacegame/src/line.cpp 0 0 0 19 0
/home/jackson/spacegame/src/inventory.cpp 5 0 1 38 0
/home/jackson/spacegame/src/network.cpp 0 0 0 9 0
/home/jackson/spacegame/src/minimap.cpp 0 0 0 37 0
/home/jackson/spacegame/src/main.cpp 8 0 3 95 0
/home/jackson/spacegame/src/levelEditor.cpp 14 0 1 53 0
/home/jackson/spacegame/src/FS.cpp 9 0 1 113 0
/home/jackson/spacegame/src/raycast.cpp 0 0 0 21 0
/home/jackson/spacegame/src/renderedObject.cpp 0 0 0 19 0
/home/jackson/spacegame/src/serialize.cpp 0 0 0 19 0
/home/jackson/spacegame/src/shapes.cpp 2 0 1 23 0
/home/jackson/spacegame/src/physics.cpp 7 0 0 65 0
/home/jackson/spacegame/src/serializeObject.cpp 1 0 1 23 0
/home/jackson/spacegame/src/sprite.cpp 0 0 0 71 0
/home/jackson/spacegame/src/threadeddelete.cpp 0 0 0 30 0
/home/jackson/spacegame/src/threadedEventStack.cpp 0 0 0 8 0
/home/jackson/spacegame/src/stars.cpp 6 0 1 49 0
/home/jackson/spacegame/src/vector2.cpp 0 0 0 19 0
/home/jackson/spacegame/include/jsoncpp/jsoncpp.cpp 7 0 7 117 0
