8GE_Event 2
11GE_SDLEvent 1
13GE_UI_Element 12
21GE_UI_TopLevelElement 3
10GE_UI_Text 1
15GE_UI_TextInput 1
12GE_UI_Button 1
25GE_Experimental_UI_Button 1
17GE_UI_ProgressBar 2
26GE_UI_DraggableProgressBar 1
13GE_UI_Surface 1
12GE_UI_Window 1
15GE_UI_Rectangle 1
14GE_UI_TextList 1
16GE_PhysicsObject 11
23GE_LevelEditorInterface 11
6Player 2
6Enemie 2
10BulletType 4
9StdBullet 2
4Wall 2
6tester 1
13GE_UI_Element 1
21GE_UI_TopLevelElement 1
16GE_UI_GameRender 1
13GE_UI_Element 2
21GE_UI_TopLevelElement 1
27UI_FloatingInventoryElement 1
16UI_InventoryView 1
13GE_UI_Element 1
13GE_UI_Minimap 1
13GE_UI_Element 4
21GE_UI_TopLevelElement 2
23GE_UI_OmniEventReciever 2
13UI_HealthView 1
12UI_WorldView 1
11UI_GameView 1
11UI_MainMenu 1
19MyOmniEventReciever 1
13GE_UI_Element 2
21GE_UI_TopLevelElement 1
19GE_UI_LevelEditor2D 1
18GE_UI_HighlightBox 1
St9exception 1
St16_Sp_counted_baseILN9__gnu_cxx12_Lock_policyE2EE 2
15GE_FileNotFound 1
St23_Sp_counted_ptr_inplaceINSt8__detail4_NFAINSt7__cxx1112regex_traitsIcEEEESaIS5_ELN9__gnu_cxx12_Lock_policyE2EE 1
8GE_Shape 3
17GE_RectangleShape 1
23GE_HollowRectangleShape 1
16GE_PhysicsObject 1
St9exception 2
25noUnserializationFunction 1
23noSerializationFunction 1
13GE_UI_Element 1
St16_Sp_counted_baseILN9__gnu_cxx12_Lock_policyE2EE 3
8GE_Stars 1
St15_Sp_counted_ptrIP17GE_RectangleShapeLN9__gnu_cxx12_Lock_policyE2EE 1
St15_Sp_counted_ptrIP13GE_SingleStarLN9__gnu_cxx12_Lock_policyE2EE 1
St9exception 3
N4Json9ExceptionE 3
N4Json12RuntimeErrorE 1
N4Json10LogicErrorE 1
N4Json10CharReader7FactoryE 2
N4Json10CharReaderE 2
N4Json17CharReaderBuilderE 1
N4Json12StreamWriter7FactoryE 2
N4Json12StreamWriterE 2
N4Json19StreamWriterBuilderE 1
N4Json6WriterE 3
N4Json10FastWriterE 1
N4Json12StyledWriterE 1
N4Json13OurCharReaderE 1
N4Json23BuiltStyledStreamWriterE 1
