Determining if the pthread_create exist failed with the following output:
Change Dir: /home/jackson/spacegame/CMakeFiles/CMakeTmp

Run Build Command:"/usr/bin/make" "cmTC_0c46c/fast"
make[1]: Entering directory '/home/jackson/spacegame/CMakeFiles/CMakeTmp'
/usr/bin/make -f CMakeFiles/cmTC_0c46c.dir/build.make CMakeFiles/cmTC_0c46c.dir/build
make[2]: Entering directory '/home/jackson/spacegame/CMakeFiles/CMakeTmp'
Building C object CMakeFiles/cmTC_0c46c.dir/CheckSymbolExists.c.o
/usr/bin/cc    -g2    -o CMakeFiles/cmTC_0c46c.dir/CheckSymbolExists.c.o   -c /home/jackson/spacegame/CMakeFiles/CMakeTmp/CheckSymbolExists.c
Linking C executable cmTC_0c46c
/usr/bin/cmake -E cmake_link_script CMakeFiles/cmTC_0c46c.dir/link.txt --verbose=1
/usr/bin/cc  -g2     CMakeFiles/cmTC_0c46c.dir/CheckSymbolExists.c.o  -o cmTC_0c46c -rdynamic 
CMakeFiles/cmTC_0c46c.dir/CheckSymbolExists.c.o: In function `main':
/home/jackson/spacegame/CMakeFiles/CMakeTmp/CheckSymbolExists.c:8: undefined reference to `pthread_create'
collect2: error: ld returned 1 exit status
CMakeFiles/cmTC_0c46c.dir/build.make:97: recipe for target 'cmTC_0c46c' failed
make[2]: *** [cmTC_0c46c] Error 1
make[2]: Leaving directory '/home/jackson/spacegame/CMakeFiles/CMakeTmp'
Makefile:126: recipe for target 'cmTC_0c46c/fast' failed
make[1]: *** [cmTC_0c46c/fast] Error 2
make[1]: Leaving directory '/home/jackson/spacegame/CMakeFiles/CMakeTmp'

File /home/jackson/spacegame/CMakeFiles/CMakeTmp/CheckSymbolExists.c:
/* */
#include <pthread.h>

int main(int argc, char** argv)
{
  (void)argv;
#ifndef pthread_create
  return ((int*)(&pthread_create))[argc];
#else
  (void)argc;
  return 0;
#endif
}

Determining if the function pthread_create exists in the pthreads failed with the following output:
Change Dir: /home/jackson/spacegame/CMakeFiles/CMakeTmp

Run Build Command:"/usr/bin/make" "cmTC_dee3f/fast"
make[1]: Entering directory '/home/jackson/spacegame/CMakeFiles/CMakeTmp'
/usr/bin/make -f CMakeFiles/cmTC_dee3f.dir/build.make CMakeFiles/cmTC_dee3f.dir/build
make[2]: Entering directory '/home/jackson/spacegame/CMakeFiles/CMakeTmp'
Building C object CMakeFiles/cmTC_dee3f.dir/CheckFunctionExists.c.o
/usr/bin/cc    -g2 -DCHECK_FUNCTION_EXISTS=pthread_create   -o CMakeFiles/cmTC_dee3f.dir/CheckFunctionExists.c.o   -c /usr/share/cmake-3.7/Modules/CheckFunctionExists.c
Linking C executable cmTC_dee3f
/usr/bin/cmake -E cmake_link_script CMakeFiles/cmTC_dee3f.dir/link.txt --verbose=1
/usr/bin/cc  -g2 -DCHECK_FUNCTION_EXISTS=pthread_create    CMakeFiles/cmTC_dee3f.dir/CheckFunctionExists.c.o  -o cmTC_dee3f -rdynamic -lpthreads 
/usr/bin/ld: cannot find -lpthreads
collect2: error: ld returned 1 exit status
CMakeFiles/cmTC_dee3f.dir/build.make:97: recipe for target 'cmTC_dee3f' failed
make[2]: *** [cmTC_dee3f] Error 1
make[2]: Leaving directory '/home/jackson/spacegame/CMakeFiles/CMakeTmp'
Makefile:126: recipe for target 'cmTC_dee3f/fast' failed
make[1]: *** [cmTC_dee3f/fast] Error 2
make[1]: Leaving directory '/home/jackson/spacegame/CMakeFiles/CMakeTmp'


